{
  "stats": {
    "suites": 1,
    "tests": 1,
    "passes": 1,
    "pending": 0,
    "failures": 0,
    "start": "2026-04-25T22:04:57.078Z",
    "end": "2026-04-25T22:05:46.483Z",
    "duration": 49405,
    "testsRegistered": 1,
    "passPercent": 100,
    "pendingPercent": 0,
    "other": 0,
    "hasOther": false,
    "skipped": 0,
    "hasSkipped": false
  },
  "results": [
    {
      "uuid": "f0a3d487-4314-4d9e-b7fa-309f235d8ab9",
      "title": "",
      "fullFile": "cypress\\e2e\\exercicio-e2e.cy.js",
      "file": "cypress\\e2e\\exercicio-e2e.cy.js",
      "beforeHooks": [],
      "afterHooks": [],
      "tests": [],
      "suites": [
        {
          "uuid": "755be057-4aa2-4ef8-96de-795d87155adf",
          "title": "Exercicio - Testes End-to-end - Fluxo de pedido",
          "fullFile": "",
          "file": "",
          "beforeHooks": [],
          "afterHooks": [],
          "tests": [
            {
              "title": "Deve fazer um pedido na loja Ebac Shop de ponta a ponta",
              "fullTitle": "Exercicio - Testes End-to-end - Fluxo de pedido Deve fazer um pedido na loja Ebac Shop de ponta a ponta",
              "timedOut": null,
              "duration": 49279,
              "state": "passed",
              "speed": "slow",
              "pass": true,
              "fail": false,
              "pending": false,
              "context": null,
              "code": "cy.fixture('produtos').then(produtos => {\n  cy.wrap(produtos).each(produto => {\n    _produtosPage.default.visitarProduto(produto.slug);\n    _produtosPage.default.addProdutoCarrinho(produto.tamanho, produto.cor, produto.quantidade);\n  });\n});\ncy.get('.woocommerce-message').contains('Ver carrinho').click();\ncy.get('.checkout-button').click();\ncy.fixture('cliente').then(cliente => {\n  _checkoutPage.default.preencherCheckout(cliente);\n  _checkoutPage.default.finalizarPedido();\n  _checkoutPage.default.validarConfirmacao();\n});",
              "err": {},
              "uuid": "a9e86b95-77ca-4408-b0c2-5d2f93c52a67",
              "parentUUID": "755be057-4aa2-4ef8-96de-795d87155adf",
              "isHook": false,
              "skipped": false
            }
          ],
          "suites": [],
          "passes": [
            "a9e86b95-77ca-4408-b0c2-5d2f93c52a67"
          ],
          "failures": [],
          "pending": [],
          "skipped": [],
          "duration": 49279,
          "root": false,
          "rootEmpty": false,
          "_timeout": 2000
        }
      ],
      "passes": [],
      "failures": [],
      "pending": [],
      "skipped": [],
      "duration": 0,
      "root": true,
      "rootEmpty": true,
      "_timeout": 2000
    }
  ],
  "meta": {
    "mocha": {
      "version": "7.0.1"
    },
    "mochawesome": {
      "options": {
        "quiet": false,
        "reportFilename": "mochawesome",
        "saveHtml": true,
        "saveJson": true,
        "consoleReporter": "spec",
        "useInlineDiffs": false,
        "code": true
      },
      "version": "7.1.4"
    },
    "marge": {
      "options": {
        "reportDir": "cypress/reports",
        "overwrite": false,
        "html": true,
        "json": true
      },
      "version": "6.3.2"
    }
  }
}