{
  "stats": {
    "suites": 1,
    "tests": 2,
    "passes": 1,
    "pending": 0,
    "failures": 1,
    "start": "2026-04-25T21:56:37.072Z",
    "end": "2026-04-25T21:56:56.691Z",
    "duration": 19619,
    "testsRegistered": 2,
    "passPercent": 50,
    "pendingPercent": 0,
    "other": 0,
    "hasOther": false,
    "skipped": 0,
    "hasSkipped": false
  },
  "results": [
    {
      "uuid": "69c69ee8-29c5-4c4b-94b7-5da75c01927f",
      "title": "",
      "fullFile": "cypress\\e2e\\login.cy.js",
      "file": "cypress\\e2e\\login.cy.js",
      "beforeHooks": [],
      "afterHooks": [],
      "tests": [],
      "suites": [
        {
          "uuid": "8d97a1da-65f2-48c4-b1ab-4c5074414074",
          "title": "Funcionalidade Login",
          "fullFile": "",
          "file": "",
          "beforeHooks": [],
          "afterHooks": [],
          "tests": [
            {
              "title": "Deve fazer login com sucesso",
              "fullTitle": "Funcionalidade Login Deve fazer login com sucesso",
              "timedOut": null,
              "duration": 15484,
              "state": "failed",
              "speed": null,
              "pass": false,
              "fail": true,
              "pending": false,
              "context": null,
              "code": "cy.fixture('perfil').then(perfil => {\n  _loginPage.default.login(perfil.usuario, perfil.senha);\n});\ncy.get('.woocommerce-MyAccount-content', {\n  timeout: 10000\n}).should('be.visible').and('contain', 'Olá');",
              "err": {
                "message": "AssertionError: Timed out retrying after 10000ms: Expected to find element: `.woocommerce-MyAccount-content`, but never found it.",
                "estack": "AssertionError: Timed out retrying after 10000ms: Expected to find element: `.woocommerce-MyAccount-content`, but never found it.\n    at Context.eval (webpack://teste-e2e-ebac/./cypress/e2e/login.cy.js:15:7)",
                "diff": null
              },
              "uuid": "01a3cfa8-e0cf-4763-957e-feebbe59fd14",
              "parentUUID": "8d97a1da-65f2-48c4-b1ab-4c5074414074",
              "isHook": false,
              "skipped": false
            },
            {
              "title": "Deve exibir mensagem de erro com usuário inválido",
              "fullTitle": "Funcionalidade Login Deve exibir mensagem de erro com usuário inválido",
              "timedOut": null,
              "duration": 3705,
              "state": "passed",
              "speed": "fast",
              "pass": true,
              "fail": false,
              "pending": false,
              "context": null,
              "code": "_loginPage.default.login('email@invalido.com', 'senhaerrada');\ncy.get('.woocommerce-error').should('contain', 'Endereço de e-mail desconhecido.');",
              "err": {},
              "uuid": "ed9748a6-7772-46d9-87b1-c997ef414503",
              "parentUUID": "8d97a1da-65f2-48c4-b1ab-4c5074414074",
              "isHook": false,
              "skipped": false
            }
          ],
          "suites": [],
          "passes": [
            "ed9748a6-7772-46d9-87b1-c997ef414503"
          ],
          "failures": [
            "01a3cfa8-e0cf-4763-957e-feebbe59fd14"
          ],
          "pending": [],
          "skipped": [],
          "duration": 19189,
          "root": false,
          "rootEmpty": false,
          "_timeout": 2000
        }
      ],
      "passes": [],
      "failures": [],
      "pending": [],
      "skipped": [],
      "duration": 0,
      "root": true,
      "rootEmpty": true,
      "_timeout": 2000
    }
  ],
  "meta": {
    "mocha": {
      "version": "7.0.1"
    },
    "mochawesome": {
      "options": {
        "quiet": false,
        "reportFilename": "mochawesome",
        "saveHtml": true,
        "saveJson": true,
        "consoleReporter": "spec",
        "useInlineDiffs": false,
        "code": true
      },
      "version": "7.1.4"
    },
    "marge": {
      "options": {
        "reportDir": "cypress/reports",
        "overwrite": false,
        "html": true,
        "json": true
      },
      "version": "6.3.2"
    }
  }
}