{
  "stats": {
    "suites": 1,
    "tests": 2,
    "passes": 2,
    "pending": 0,
    "failures": 0,
    "start": "2026-04-25T22:37:00.072Z",
    "end": "2026-04-25T22:37:10.377Z",
    "duration": 10305,
    "testsRegistered": 2,
    "passPercent": 100,
    "pendingPercent": 0,
    "other": 0,
    "hasOther": false,
    "skipped": 0,
    "hasSkipped": false
  },
  "results": [
    {
      "uuid": "65203578-109b-4582-848d-445f05ba2551",
      "title": "",
      "fullFile": "cypress\\e2e\\login.cy.js",
      "file": "cypress\\e2e\\login.cy.js",
      "beforeHooks": [],
      "afterHooks": [],
      "tests": [],
      "suites": [
        {
          "uuid": "60d6a400-50d7-4f51-980c-12ebcbe38663",
          "title": "Funcionalidade Login",
          "fullFile": "",
          "file": "",
          "beforeHooks": [],
          "afterHooks": [],
          "tests": [
            {
              "title": "Deve fazer login com sucesso",
              "fullTitle": "Funcionalidade Login Deve fazer login com sucesso",
              "timedOut": null,
              "duration": 6981,
              "state": "passed",
              "speed": "medium",
              "pass": true,
              "fail": false,
              "pending": false,
              "context": null,
              "code": "cy.fixture('perfil').then(perfil => {\n  _loginPage.default.login(perfil.usuario, perfil.senha);\n});\ncy.get('.woocommerce-MyAccount-content', {\n  timeout: 10000\n}).should('be.visible').and('contain', 'Olá');",
              "err": {},
              "uuid": "03115faa-5153-4964-a7af-1d3ef6c0150c",
              "parentUUID": "60d6a400-50d7-4f51-980c-12ebcbe38663",
              "isHook": false,
              "skipped": false
            },
            {
              "title": "Deve exibir mensagem de erro com usuário inválido",
              "fullTitle": "Funcionalidade Login Deve exibir mensagem de erro com usuário inválido",
              "timedOut": null,
              "duration": 3158,
              "state": "passed",
              "speed": "fast",
              "pass": true,
              "fail": false,
              "pending": false,
              "context": null,
              "code": "_loginPage.default.login('email@invalido.com', 'senhaerrada');\ncy.get('.woocommerce-error').should('contain', 'Endereço de e-mail desconhecido.');",
              "err": {},
              "uuid": "d3004a51-51ab-4f5e-828a-9ea808554a4a",
              "parentUUID": "60d6a400-50d7-4f51-980c-12ebcbe38663",
              "isHook": false,
              "skipped": false
            }
          ],
          "suites": [],
          "passes": [
            "03115faa-5153-4964-a7af-1d3ef6c0150c",
            "d3004a51-51ab-4f5e-828a-9ea808554a4a"
          ],
          "failures": [],
          "pending": [],
          "skipped": [],
          "duration": 10139,
          "root": false,
          "rootEmpty": false,
          "_timeout": 2000
        }
      ],
      "passes": [],
      "failures": [],
      "pending": [],
      "skipped": [],
      "duration": 0,
      "root": true,
      "rootEmpty": true,
      "_timeout": 2000
    }
  ],
  "meta": {
    "mocha": {
      "version": "7.0.1"
    },
    "mochawesome": {
      "options": {
        "quiet": false,
        "reportFilename": "mochawesome",
        "saveHtml": true,
        "saveJson": true,
        "consoleReporter": "spec",
        "useInlineDiffs": false,
        "code": true
      },
      "version": "7.1.4"
    },
    "marge": {
      "options": {
        "reportDir": "cypress/reports",
        "overwrite": true,
        "html": true,
        "json": true
      },
      "version": "6.3.2"
    }
  }
}