{
  "stats": {
    "suites": 1,
    "tests": 2,
    "passes": 2,
    "pending": 0,
    "failures": 0,
    "start": "2026-04-25T22:27:42.287Z",
    "end": "2026-04-25T22:27:52.663Z",
    "duration": 10376,
    "testsRegistered": 2,
    "passPercent": 100,
    "pendingPercent": 0,
    "other": 0,
    "hasOther": false,
    "skipped": 0,
    "hasSkipped": false
  },
  "results": [
    {
      "uuid": "46ce2e0e-d558-4e23-8364-27d6fc4053d8",
      "title": "",
      "fullFile": "cypress\\e2e\\login.cy.js",
      "file": "cypress\\e2e\\login.cy.js",
      "beforeHooks": [],
      "afterHooks": [],
      "tests": [],
      "suites": [
        {
          "uuid": "f29e0ff8-83ca-45d3-8e71-4ed3e4d1fb9f",
          "title": "Funcionalidade Login",
          "fullFile": "",
          "file": "",
          "beforeHooks": [],
          "afterHooks": [],
          "tests": [
            {
              "title": "Deve fazer login com sucesso",
              "fullTitle": "Funcionalidade Login Deve fazer login com sucesso",
              "timedOut": null,
              "duration": 7070,
              "state": "passed",
              "speed": "medium",
              "pass": true,
              "fail": false,
              "pending": false,
              "context": null,
              "code": "cy.fixture('perfil').then(perfil => {\n  _loginPage.default.login(perfil.usuario, perfil.senha);\n});\ncy.get('.woocommerce-MyAccount-content', {\n  timeout: 10000\n}).should('be.visible').and('contain', 'Olá');",
              "err": {},
              "uuid": "3f0273f8-f393-47d9-9b34-0bd412c31f35",
              "parentUUID": "f29e0ff8-83ca-45d3-8e71-4ed3e4d1fb9f",
              "isHook": false,
              "skipped": false
            },
            {
              "title": "Deve exibir mensagem de erro com usuário inválido",
              "fullTitle": "Funcionalidade Login Deve exibir mensagem de erro com usuário inválido",
              "timedOut": null,
              "duration": 3123,
              "state": "passed",
              "speed": "fast",
              "pass": true,
              "fail": false,
              "pending": false,
              "context": null,
              "code": "_loginPage.default.login('email@invalido.com', 'senhaerrada');\ncy.get('.woocommerce-error').should('contain', 'Endereço de e-mail desconhecido.');",
              "err": {},
              "uuid": "c8d4db34-658c-487d-bbfb-0125cc108ca9",
              "parentUUID": "f29e0ff8-83ca-45d3-8e71-4ed3e4d1fb9f",
              "isHook": false,
              "skipped": false
            }
          ],
          "suites": [],
          "passes": [
            "3f0273f8-f393-47d9-9b34-0bd412c31f35",
            "c8d4db34-658c-487d-bbfb-0125cc108ca9"
          ],
          "failures": [],
          "pending": [],
          "skipped": [],
          "duration": 10193,
          "root": false,
          "rootEmpty": false,
          "_timeout": 2000
        }
      ],
      "passes": [],
      "failures": [],
      "pending": [],
      "skipped": [],
      "duration": 0,
      "root": true,
      "rootEmpty": true,
      "_timeout": 2000
    }
  ],
  "meta": {
    "mocha": {
      "version": "7.0.1"
    },
    "mochawesome": {
      "options": {
        "quiet": false,
        "reportFilename": "mochawesome",
        "saveHtml": true,
        "saveJson": true,
        "consoleReporter": "spec",
        "useInlineDiffs": false,
        "code": true
      },
      "version": "7.1.4"
    },
    "marge": {
      "options": {
        "reportDir": "cypress/reports",
        "overwrite": false,
        "html": true,
        "json": true
      },
      "version": "6.3.2"
    }
  }
}