{
  "stats": {
    "suites": 1,
    "tests": 1,
    "passes": 0,
    "pending": 0,
    "failures": 1,
    "start": "2026-04-25T21:56:15.344Z",
    "end": "2026-04-25T21:56:32.387Z",
    "duration": 17043,
    "testsRegistered": 1,
    "passPercent": 0,
    "pendingPercent": 0,
    "other": 0,
    "hasOther": false,
    "skipped": 0,
    "hasSkipped": false
  },
  "results": [
    {
      "uuid": "362eb97f-70dc-44e5-8246-5812d015075f",
      "title": "",
      "fullFile": "cypress\\e2e\\exercicio-e2e.cy.js",
      "file": "cypress\\e2e\\exercicio-e2e.cy.js",
      "beforeHooks": [],
      "afterHooks": [],
      "tests": [],
      "suites": [
        {
          "uuid": "433ee7e5-173f-4bcc-b9ce-eacc521c1d95",
          "title": "Exercicio - Testes End-to-end - Fluxo de pedido",
          "fullFile": "",
          "file": "",
          "beforeHooks": [],
          "afterHooks": [],
          "tests": [
            {
              "title": "Deve fazer um pedido na loja Ebac Shop de ponta a ponta",
              "fullTitle": "Exercicio - Testes End-to-end - Fluxo de pedido Deve fazer um pedido na loja Ebac Shop de ponta a ponta",
              "timedOut": null,
              "duration": 16823,
              "state": "failed",
              "speed": null,
              "pass": false,
              "fail": true,
              "pending": false,
              "context": null,
              "code": "cy.fixture('produtos').then(produtos => {\n  cy.wrap(produtos).each(produto => {\n    _produtosPage.default.visitarProduto(produto.slug);\n    _produtosPage.default.addProdutoCarrinho(produto.tamanho, produto.cor, produto.quantidade);\n  });\n});\ncy.get('.woocommerce-message').contains('Ver carrinho').click();\ncy.get('.checkout-button').click();\ncy.fixture('cliente').then(cliente => {\n  _checkoutPage.default.preencherCheckout(cliente);\n  _checkoutPage.default.finalizarPedido();\n  _checkoutPage.default.validarConfirmacao();\n});",
              "err": {
                "message": "AssertionError: Timed out retrying after 10000ms: Expected to find element: `.woocommerce-MyAccount-content`, but never found it.\n\nBecause this error occurred during a `before each` hook we are skipping the remaining tests in the current suite: `Exercicio - Testes End-to-e...`",
                "estack": "AssertionError: Timed out retrying after 10000ms: Expected to find element: `.woocommerce-MyAccount-content`, but never found it.\n\nBecause this error occurred during a `before each` hook we are skipping the remaining tests in the current suite: `Exercicio - Testes End-to-e...`\n    at Context.eval (webpack://teste-e2e-ebac/./cypress/e2e/exercicio-e2e.cy.js:13:65)",
                "diff": null
              },
              "uuid": "547dc2b2-771b-4188-91cb-df7540d25523",
              "parentUUID": "433ee7e5-173f-4bcc-b9ce-eacc521c1d95",
              "isHook": false,
              "skipped": false
            }
          ],
          "suites": [],
          "passes": [],
          "failures": [
            "547dc2b2-771b-4188-91cb-df7540d25523"
          ],
          "pending": [],
          "skipped": [],
          "duration": 16823,
          "root": false,
          "rootEmpty": false,
          "_timeout": 2000
        }
      ],
      "passes": [],
      "failures": [],
      "pending": [],
      "skipped": [],
      "duration": 0,
      "root": true,
      "rootEmpty": true,
      "_timeout": 2000
    }
  ],
  "meta": {
    "mocha": {
      "version": "7.0.1"
    },
    "mochawesome": {
      "options": {
        "quiet": false,
        "reportFilename": "mochawesome",
        "saveHtml": true,
        "saveJson": true,
        "consoleReporter": "spec",
        "useInlineDiffs": false,
        "code": true
      },
      "version": "7.1.4"
    },
    "marge": {
      "options": {
        "reportDir": "cypress/reports",
        "overwrite": false,
        "html": true,
        "json": true
      },
      "version": "6.3.2"
    }
  }
}